============================= test session starts ==============================
platform darwin -- Python 3.11.5, pytest-7.4.0, pluggy-1.0.0 -- /Users/user/anaconda3/bin/python
cachedir: .pytest_cache
rootdir: /Users/user/Desktop/SQA
plugins: anyio-3.5.0
collecting ... collected 10 items

test_feedback.py::test_feedback_search_tc012 FAILED                      [ 10%]
test_feedback.py::test_feedback_search_tc017 PASSED                      [ 20%]
test_feedback.py::test_feedback_name_tc012 FAILED                        [ 30%]
test_feedback.py::test_feedback_name_tc017 PASSED                        [ 40%]
test_feedback.py::test_feedback_email_tc012 PASSED                       [ 50%]
test_feedback.py::test_feedback_email_tc017 PASSED                       [ 60%]
test_feedback.py::test_feedback_subject_tc012 PASSED                     [ 70%]
test_feedback.py::test_feedback_subject_tc017 PASSED                     [ 80%]
test_feedback.py::test_feedback_comments_tc012 PASSED                    [ 90%]
test_feedback.py::test_feedback_comments_tc017 PASSED                    [100%]

=================================== FAILURES ===================================
__________________________ test_feedback_search_tc012 __________________________

browser = <selenium.webdriver.safari.webdriver.WebDriver (session="22F36C74-D328-48DA-810F-3F8D37EAF61D")>

    def test_feedback_search_tc012(browser):
        feedback_page = SearchField(browser)
        feedback_page.go_to_site()
        tcconstants = TestCaseConstants.Test_XSS
        for cmd in tcconstants:
            feedback_page.enter_word_search(cmd)
            feedback_page.click_on_the_search_button()
            sleep(1)
            try:
                alert = Alert(browser)
                alert.accept()
>               assert False, 'Finded alert'
E               AssertionError: Finded alert
E               assert False

test_feedback.py:18: AssertionError
___________________________ test_feedback_name_tc012 ___________________________

browser = <selenium.webdriver.safari.webdriver.WebDriver (session="22F36C74-D328-48DA-810F-3F8D37EAF61D")>

    def test_feedback_name_tc012(browser):
        feedback_page = InputField(browser)
        feedback_page.go_to_site()
        tcconstants = TestCaseConstants.Test_XSS
        for cmd in tcconstants:
            feedback_page.enter_word_name(cmd)
            feedback_page.click_on_the_submit_button()
            sleep(1)
            try:
                alert = Alert(browser)
                alert.accept()
>               assert False, 'Finded alert'
E               AssertionError: Finded alert
E               assert False

test_feedback.py:47: AssertionError
=========================== short test summary info ============================
FAILED test_feedback.py::test_feedback_search_tc012 - AssertionError: Finded ...
FAILED test_feedback.py::test_feedback_name_tc012 - AssertionError: Finded alert
========================= 2 failed, 8 passed in 31.37s =========================
